  GDIdemo11.cpp
C:\Game\WindowsGame\GDIdemo11\GDIdemo11.cpp(28,14): error C2065: “NULL，g_mdc”: 未声明的标识符
C:\Game\WindowsGame\GDIdemo11\GDIdemo11.cpp(35,1): error C2144: 语法错误:“int”的前面应有“;”
C:\Game\WindowsGame\GDIdemo11\GDIdemo11.cpp(171,2): error C2065: “g_mdc”: 未声明的标识符
C:\Game\WindowsGame\GDIdemo11\GDIdemo11.cpp(178,15): error C2065: “g_mdc”: 未声明的标识符
C:\Game\WindowsGame\GDIdemo11\GDIdemo11.cpp(179,2): error C2065: “g_hSwordMan”: 未声明的标识符
C:\Game\WindowsGame\GDIdemo11\GDIdemo11.cpp(179,17): error C2065: “HBIMAP”: 未声明的标识符
C:\Game\WindowsGame\GDIdemo11\GDIdemo11.cpp(179,24): error C2146: 语法错误: 缺少“;”(在标识符“LoadImageW”的前面)
C:\Game\WindowsGame\GDIdemo11\GDIdemo11.cpp(179,57): error C2065: “IMAGE_BITMAPM”: 未声明的标识符
C:\Game\WindowsGame\GDIdemo11\GDIdemo11.cpp(180,19): error C2065: “HBIMAP”: 未声明的标识符
C:\Game\WindowsGame\GDIdemo11\GDIdemo11.cpp(180,26): error C2146: 语法错误: 缺少“;”(在标识符“LoadImageW”的前面)
C:\Game\WindowsGame\GDIdemo11\GDIdemo11.cpp(180,61): error C2065: “IMAGE_BITMAPM”: 未声明的标识符
C:\Game\WindowsGame\GDIdemo11\GDIdemo11.cpp(181,19): error C2065: “HBIMAP”: 未声明的标识符
C:\Game\WindowsGame\GDIdemo11\GDIdemo11.cpp(181,26): error C2146: 语法错误: 缺少“;”(在标识符“LoadImageW”的前面)
C:\Game\WindowsGame\GDIdemo11\GDIdemo11.cpp(181,53): error C2065: “IMAGE_BITMAPM”: 未声明的标识符
C:\Game\WindowsGame\GDIdemo11\GDIdemo11.cpp(212,9): error C2065: “g_mdc”: 未声明的标识符
C:\Game\WindowsGame\GDIdemo11\GDIdemo11.cpp(213,9): error C2065: “g_mdc”: 未声明的标识符
C:\Game\WindowsGame\GDIdemo11\GDIdemo11.cpp(226,17): error C2065: “g_ix”: 未声明的标识符
C:\Game\WindowsGame\GDIdemo11\GDIdemo11.cpp(243,24): error C2065: “g_hSwordMan”: 未声明的标识符
C:\Game\WindowsGame\GDIdemo11\GDIdemo11.cpp(244,17): error C2065: “g_mdc”: 未声明的标识符
C:\Game\WindowsGame\GDIdemo11\GDIdemo11.cpp(244,86): error C2143: 语法错误: 缺少“)”(在“;”的前面)
C:\Game\WindowsGame\GDIdemo11\GDIdemo11.cpp(245,24): error C2065: “g_hSwordlade”: 未声明的标识符
C:\Game\WindowsGame\GDIdemo11\GDIdemo11.cpp(248,8): error C2065: “Bullte”: 未声明的标识符
C:\Game\WindowsGame\GDIdemo11\GDIdemo11.cpp(250,20): error C2065: “g_mdc”: 未声明的标识符
C:\Game\WindowsGame\GDIdemo11\GDIdemo11.cpp(250,43): error C2143: 语法错误: 缺少“)”(在“;”的前面)
C:\Game\WindowsGame\GDIdemo11\GDIdemo11.cpp(250,114): error C2059: 语法错误:“)”
C:\Game\WindowsGame\GDIdemo11\GDIdemo11.cpp(261,17): error C2065: “g_mdc”: 未声明的标识符
C:\Game\WindowsGame\GDIdemo11\GDIdemo11.cpp(262,14): error C2065: “g_mdc”: 未声明的标识符
C:\Game\WindowsGame\GDIdemo11\GDIdemo11.cpp(263,17): error C2065: “g_mdc”: 未声明的标识符
C:\Game\WindowsGame\GDIdemo11\GDIdemo11.cpp(264,4): error C3861: “swprintf_s”: 找不到标识符
C:\Game\WindowsGame\GDIdemo11\GDIdemo11.cpp(265,12): error C2065: “g_mdc”: 未声明的标识符
C:\Game\WindowsGame\GDIdemo11\GDIdemo11.cpp(266,4): error C3861: “swprintf_s”: 找不到标识符
C:\Game\WindowsGame\GDIdemo11\GDIdemo11.cpp(267,12): error C2065: “g_mdc”: 未声明的标识符
C:\Game\WindowsGame\GDIdemo11\GDIdemo11.cpp(269,53): error C2065: “g_mdc”: 未声明的标识符
